Task submitted with order: 0 -1
Task submitted with order: 1 -1
Task submitted with order: 2 -1
picking up 0
Task submitted with order: 3 -1
Task submitted with order: 4 -1
Task submitted with order: 5 -1
Task submitted with order: 6 -1
Task submitted with order: 7 -1
Task submitted with order: 8 -1
Task submitted with order: 9 -1
Task submitted with order: 10 -1
Task submitted with order: 11 -1
Task submitted with order: 12 -1
Task submitted with order: 13 -1
Task submitted with order: 14 -1
Task submitted with order: 15 -1
Task submitted with order: 16 -1
Task submitted with order: 17 -1
Task submitted with order: 18 -1
Task submitted with order: 19 -1
Task submitted with order: 20 -1
Task submitted with order: 21 -1
Task submitted with order: 22 -1
Task submitted with order: 23 -1
Task submitted with order: 24 -1
Task submitted with order: 25 -1
Task submitted with order: 26 -1
Task submitted with order: 27 -1
Task submitted with order: 28 -1
Task submitted with order: 29 -1
Task submitted with order: 30 -1
Task submitted with order: 31 -1
Task submitted with order: 32 -1
Task submitted with order: 33 -1
Task submitted with order: 34 -1
Task submitted with order: 35 -1
Task submitted with order: 36 -1
Task submitted with order: 37 -1
Task submitted with order: 38 -1
Task submitted with order: 39 -1
Task submitted with order: 40 -1
Task submitted with order: 41 -1
Task submitted with order: 42 -1
Task submitted with order: 43 -1
Task submitted with order: 44 -1
Task submitted with order: 45 -1
Task submitted with order: 46 -1
Task submitted with order: 47 -1
Task submitted with order: 48 -1
Task submitted with order: 49 -1
Task submitted with order: 50 -1
Task submitted with order: 51 -1
Task submitted with order: 52 -1
Task submitted with order: 53 -1
Task submitted with order: 54 -1
Task submitted with order: 55 -1
Task submitted with order: 56 -1
Task submitted with order: 57 -1
Task submitted with order: 58 -1
Task submitted with order: 59 -1
Task submitted with order: 60 -1
Task submitted with order: 61 -1
Task submitted with order: 62 -1
Task submitted with order: 63 -1
Task submitted with order: 64 -1
Task submitted with order: 65 -1
Task submitted with order: 66 -1
Task submitted with order: 67 -1
Task submitted with order: 68 -1
Task submitted with order: 69 -1
Task submitted with order: 70 -1
Task submitted with order: 71 -1
Task submitted with order: 72 -1
Task submitted with order: 73 -1
Task submitted with order: 74 -1
Task submitted with order: 75 -1
Task submitted with order: 76 -1
Task submitted with order: 77 -1
Task submitted with order: 78 -1
Task submitted with order: 79 -1
Task submitted with order: 80 -1
Task submitted with order: 81 -1
Task submitted with order: 82 -1
Task submitted with order: 83 -1
Task submitted with order: 84 -1
Task submitted with order: 85 -1
Task submitted with order: 86 -1
Task submitted with order: 87 -1
Task submitted with order: 88 -1
Task submitted with order: 89 -1
Task submitted with order: 90 -1
Task submitted with order: 91 -1
Task submitted with order: 92 -1
Task submitted with order: 93 -1
Task submitted with order: 94 -1
Task submitted with order: 95 -1
Task submitted with order: 96 -1
Task submitted with order: 97 -1
Task submitted with order: 98 -1
Task submitted with order: 99 -1
Task submitted with order: 100 -1
Task submitted with order: 101 -1
Task submitted with order: 102 -1
Task submitted with order: 103 -1
Task submitted with order: 104 -1
Task submitted with order: 105 -1
Task submitted with order: 106 -1
Task submitted with order: 107 -1
Task submitted with order: 108 -1
Task submitted with order: 109 -1
Task submitted with order: 110 -1
Task submitted with order: 111 -1
Task submitted with order: 112 -1
Task submitted with order: 113 -1
Task submitted with order: 114 -1
Task submitted with order: 115 -1
Task submitted with order: 116 -1
Task submitted with order: 117 -1
Task submitted with order: 118 -1
Task submitted with order: 119 -1
Task submitted with order: 120 -1
Task submitted with order: 121 -1
Task submitted with order: 122 -1
Task submitted with order: 123 -1
Task submitted with order: 124 -1
Task submitted with order: 125 -1
Task submitted with order: 126 -1
Task submitted with order: 127 -1
Task submitted with order: 128 -1
Task submitted with order: 129 -1
Task submitted with order: 130 -1
Task submitted with order: 131 -1
Task submitted with order: 132 -1
Task submitted with order: 133 -1
Task submitted with order: 134 -1
Task submitted with order: 135 -1
Task submitted with order: 136 -1
Task submitted with order: 137 -1
Task submitted with order: 138 -1
Task submitted with order: 139 -1
Task submitted with order: 140 -1
Task submitted with order: 141 -1
Task submitted with order: 142 -1
Task submitted with order: 143 -1
Task submitted with order: 144 -1
Task submitted with order: 145 -1
Task submitted with order: 146 -1
Task submitted with order: 147 -1
Task submitted with order: 148 -1
Task submitted with order: 149 -1
Task submitted with order: 150 -1
Task submitted with order: 151 -1
Task submitted with order: 152 -1
Task submitted with order: 153 -1
Task submitted with order: 154 -1
Task submitted with order: 155 -1
Task submitted with order: 156 -1
Task submitted with order: 157 -1
Task submitted with order: 158 -1
Task submitted with order: 159 -1
Task submitted with order: 160 -1
Task submitted with order: 161 -1
Task submitted with order: 162 -1
Task submitted with order: 163 -1
Task submitted with order: 164 -1
Task submitted with order: 165 -1
Task submitted with order: 166 -1
Task submitted with order: 167 -1
Task submitted with order: 168 -1
Task submitted with order: 169 -1
Task submitted with order: 170 -1
Task submitted with order: 171 -1
Task submitted with order: 172 -1
Task submitted with order: 173 -1
Task submitted with order: 174 -1
Task submitted with order: 175 -1
Task submitted with order: 176 -1
Task submitted with order: 177 -1
Task submitted with order: 178 -1
Task submitted with order: 179 -1
Task submitted with order: 180 -1
Task submitted with order: 181 -1
Task submitted with order: 182 -1
Task submitted with order: 183 -1
Task submitted with order: 184 -1
Task submitted with order: 185 -1
Task submitted with order: 186 -1
Task submitted with order: 187 -1
Task submitted with order: 188 -1
Task submitted with order: 189 -1
Task submitted with order: 190 -1
Task submitted with order: 191 -1
Task submitted with order: 192 -1
Task submitted with order: 193 -1
Task submitted with order: 194 -1
Task submitted with order: 195 -1
Task submitted with order: 196 -1
Task submitted with order: 197 -1
Task submitted with order: 198 -1
Task submitted with order: 199 -1
Task submitted with order: 200 -1
Task submitted with order: 201 -1
Task submitted with order: 202 -1
Task submitted with order: 203 -1
Task submitted with order: 204 -1
Task submitted with order: 205 -1
Task submitted with order: 206 -1
Task submitted with order: 207 -1
Task submitted with order: 208 -1
Task submitted with order: 209 -1
Task submitted with order: 210 -1
Task submitted with order: 211 -1
Task submitted with order: 212 -1
Task submitted with order: 213 -1
Task submitted with order: 214 -1
Task submitted with order: 215 -1
Task submitted with order: 216 -1
Task submitted with order: 217 -1
Task submitted with order: 218 -1
Task submitted with order: 219 -1
Task submitted with order: 220 -1
Task submitted with order: 221 -1
Task submitted with order: 222 -1
Task submitted with order: 223 -1
Task submitted with order: 224 -1
Task submitted with order: 225 -1
Task submitted with order: 226 -1
Task submitted with order: 227 -1
Task submitted with order: 228 -1
Task submitted with order: 229 -1
Task submitted with order: 230 -1
Task submitted with order: 231 -1
Task submitted with order: 232 -1
Task submitted with order: 233 -1
Task submitted with order: 234 -1
Task submitted with order: 235 -1
Task submitted with order: 236 -1
Task submitted with order: 237 -1
Task submitted with order: 238 -1
Task submitted with order: 239 -1
Task submitted with order: 240 -1
Task submitted with order: 241 -1
Task submitted with order: 242 -1
Task submitted with order: 243 -1
Task submitted with order: 244 -1
Task submitted with order: 245 -1
Task submitted with order: 246 -1
Task submitted with order: 247 -1
Task submitted with order: 248 -1
Task submitted with order: 249 -1
Task submitted with order: 250 -1
Task submitted with order: 251 -1
Task submitted with order: 252 -1
Task submitted with order: 253 -1
Task submitted with order: 254 -1
Task submitted with order: 255 -1
Task submitted with order: 256 -1
Task submitted with order: 257 -1
picking up 1
picking up 2
finished task 1
done with task -1picking up 3
finished task 3
done with task -1picking up 4
finished task 4
done with task -1picking up 5
finished task 5
done with task -1finished task 2
picking up 6
done with task -1picking up 7
finished task 6
done with task -1finished task 7
done with task -1picking up 8
finished task 8
done with task -1picking up 9
picking up 10
finished task 9
done with task -1picking up 11
finished task 10
done with task -1picking up 12
finished task 11
done with task -1picking up 13
finished task 12
done with task -1picking up 14
finished task 13
done with task -1picking up 15
finished task 14
finished task 15
done with task -1done with task -1picking up 16
picking up 17
finished task 17
done with task -1picking up 18
finished task 16
done with task -1picking up 19
finished task 18
done with task -1picking up 20
finished task 19
done with task -1picking up 21
finished task 20
done with task -1picking up 22
finished task 21
done with task -1picking up 23
finished task 22
done with task -1picking up 24
finished task 23
done with task -1picking up 25
finished task 25
done with task -1picking up 26
finished task 0
done with task -1picking up 27
finished task 26
done with task -1picking up 28
finished task 27
done with task -1picking up 29
finished task 28
done with task -1picking up 30
finished task 29
done with task -1picking up 31
finished task 30
done with task -1picking up 32
finished task 31
done with task -1picking up 33
finished task 33
done with task -1picking up 34
finished task 34
done with task -1picking up 35
finished task 35
done with task -1picking up 36
finished task 36
done with task -1picking up 37
finished task 37
done with task -1picking up 38
finished task 38
done with task -1picking up 39
finished task 39
done with task -1picking up 40
finished task 40
done with task -1picking up 41
finished task 41
done with task -1picking up 42
finished task 42
done with task -1picking up 43
finished task 43
done with task -1picking up 44
finished task 44
done with task -1picking up 45
finished task 45
done with task -1picking up 46
finished task 46
done with task -1picking up 47
finished task 47
done with task -1picking up 48
finished task 48
done with task -1picking up 49
finished task 49
done with task -1picking up 50
finished task 50
done with task -1picking up 51
finished task 51
done with task -1picking up 52
finished task 52
done with task -1picking up 53
finished task 53
done with task -1picking up 54
finished task 54
done with task -1picking up 55
finished task 55
done with task -1picking up 56
finished task 56
done with task -1picking up 57
finished task 57
done with task -1picking up 58
finished task 58
done with task -1picking up 59
finished task 59
done with task -1picking up 60
finished task 60
done with task -1picking up 61
finished task 61
done with task -1picking up 62
finished task 62
done with task -1picking up 63
finished task 24
done with task -1picking up 64
finished task 63
done with task -1picking up 65
finished task 65
done with task -1picking up 66
finished task 66
done with task -1picking up 67
finished task 67
done with task -1picking up 68
finished task 68
done with task -1picking up 69
finished task 69
done with task -1picking up 70
finished task 70
done with task -1picking up 71
finished task 71
done with task -1picking up 72
finished task 72
done with task -1picking up 73
finished task 73
done with task -1picking up 74
finished task 74
done with task -1picking up 75
finished task 75
done with task -1picking up 76
finished task 76
done with task -1picking up 77
finished task 77
done with task -1picking up 78
finished task 78
done with task -1picking up 79
finished task 79
done with task -1picking up 80
finished task 80
done with task -1picking up 81
finished task 81
done with task -1picking up 82
finished task 82
done with task -1picking up 83
finished task 83
done with task -1picking up 84
finished task 84
done with task -1picking up 85
finished task 85
done with task -1picking up 86
finished task 86
done with task -1picking up 87
finished task 87
done with task -1picking up 88
finished task 88
finished task 32
done with task -1picking up 89
done with task -1picking up 90
finished task 90
done with task -1picking up 91
finished task 91
done with task -1picking up 92
finished task 92
done with task -1picking up 93
finished task 93
done with task -1picking up 94
finished task 94
done with task -1picking up 95
finished task 95
done with task -1picking up 96
finished task 96
done with task -1picking up 97
finished task 97
done with task -1picking up 98
finished task 98
done with task -1picking up 99
finished task 99
done with task -1picking up 100
finished task 100
done with task -1picking up 101
finished task 101
done with task -1picking up 102
finished task 102
done with task -1picking up 103
finished task 103
done with task -1picking up 104
finished task 104
done with task -1picking up 105
finished task 105
done with task -1picking up 106
finished task 106
done with task -1picking up 107
finished task 107
done with task -1picking up 108
finished task 108
done with task -1picking up 109
finished task 109
done with task -1picking up 110
finished task 110
done with task -1picking up 111
finished task 111
done with task -1picking up 112
finished task 112
done with task -1picking up 113
finished task 113
done with task -1picking up 114
finished task 114
done with task -1picking up 115
finished task 115
done with task -1picking up 116
finished task 116
done with task -1picking up 117
finished task 117
done with task -1picking up 118
finished task 118
done with task -1picking up 119
finished task 119
done with task -1picking up 120
finished task 64
done with task -1picking up 121
finished task 120
done with task -1picking up 122
finished task 122
done with task -1picking up 123
finished task 123
done with task -1picking up 124
finished task 124
done with task -1picking up 125
finished task 125
done with task -1picking up 126
finished task 126
done with task -1picking up 127
finished task 127
done with task -1picking up 128
finished task 128
done with task -1picking up 129
finished task 129
done with task -1picking up 130
finished task 130
done with task -1picking up 131
finished task 131
done with task -1picking up 132
finished task 132
done with task -1picking up 133
finished task 133
done with task -1picking up 134
finished task 134
done with task -1picking up 135
finished task 135
done with task -1picking up 136
finished task 136
done with task -1picking up 137
finished task 137
done with task -1picking up 138
finished task 138
done with task -1picking up 139
finished task 139
done with task -1picking up 140
finished task 140
done with task -1picking up 141
finished task 141
done with task -1picking up 142
finished task 142
done with task -1picking up 143
finished task 143
done with task -1picking up 144
finished task 144
done with task -1picking up 145
finished task 145
done with task -1picking up 146
finished task 146
done with task -1picking up 147
finished task 147
done with task -1picking up 148
finished task 148
done with task -1picking up 149
finished task 149
done with task -1picking up 150
finished task 150
done with task -1picking up 151
finished task 151
done with task -1picking up 152
finished task 89
done with task -1picking up 153
finished task 152
done with task -1picking up 154
finished task 154
done with task -1picking up 155
finished task 155
done with task -1picking up 156
finished task 156
done with task -1picking up 157
finished task 157
done with task -1picking up 158
finished task 158
done with task -1picking up 159
finished task 159
done with task -1picking up 160
finished task 160
done with task -1picking up 161
finished task 161
done with task -1picking up 162
finished task 162
done with task -1picking up 163
finished task 163
done with task -1picking up 164
finished task 164
done with task -1picking up 165
finished task 165
done with task -1picking up 166
finished task 166
done with task -1picking up 167
finished task 167
done with task -1picking up 168
finished task 168
done with task -1picking up 169
finished task 169
done with task -1picking up 170
finished task 170
done with task -1picking up 171
finished task 171
done with task -1picking up 172
finished task 172
done with task -1picking up 173
finished task 173
done with task -1picking up 174
finished task 174
done with task -1picking up 175
finished task 175
done with task -1picking up 176
finished task 176
done with task -1picking up 177
finished task 177
done with task -1picking up 178
finished task 178
done with task -1picking up 179
finished task 179
done with task -1picking up 180
finished task 180
done with task -1picking up 181
finished task 181
done with task -1picking up 182
finished task 182
done with task -1picking up 183
finished task 183
done with task -1picking up 184
finished task 121
done with task -1picking up 185
finished task 184
done with task -1picking up 186
finished task 186
done with task -1picking up 187
finished task 187
done with task -1picking up 188
finished task 188
done with task -1picking up 189
finished task 189
done with task -1picking up 190
finished task 190
done with task -1picking up 191
finished task 191
done with task -1picking up 192
finished task 192
done with task -1picking up 193
finished task 193
done with task -1picking up 194
finished task 194
done with task -1picking up 195
finished task 195
done with task -1picking up 196
finished task 196
done with task -1picking up 197
finished task 197
done with task -1picking up 198
finished task 198
done with task -1picking up 199
finished task 199
done with task -1picking up 200
finished task 200
done with task -1picking up 201
finished task 201
done with task -1picking up 202
finished task 202
done with task -1picking up 203
finished task 203
done with task -1picking up 204
finished task 204
done with task -1picking up 205
finished task 205
done with task -1picking up 206
finished task 206
done with task -1picking up 207
finished task 207
done with task -1picking up 208
finished task 208
done with task -1picking up 209
finished task 209
done with task -1picking up 210
finished task 210
done with task -1picking up 211
finished task 211
done with task -1picking up 212
finished task 212
done with task -1picking up 213
finished task 153
done with task -1finished task 213
done with task -1picking up 214
picking up 215
finished task 215
done with task -1finished task 214
done with task -1picking up 216
picking up 217
finished task 216
done with task -1picking up 218
finished task 218
done with task -1picking up 219
finished task 219
done with task -1picking up 220
finished task 220
done with task -1picking up 221
finished task 221
done with task -1picking up 222
finished task 222
done with task -1picking up 223
finished task 223
done with task -1picking up 224
finished task 224
done with task -1picking up 225
finished task 225
done with task -1picking up 226
finished task 226
done with task -1picking up 227
finished task 227
done with task -1picking up 228
finished task 228
done with task -1picking up 229
finished task 229
done with task -1picking up 230
finished task 230
done with task -1picking up 231
finished task 231
done with task -1picking up 232
finished task 232
done with task -1picking up 233
finished task 233
done with task -1picking up 234
finished task 234
done with task -1picking up 235
finished task 235
done with task -1picking up 236
finished task 236
done with task -1picking up 237
finished task 237
done with task -1picking up 238
finished task 238
done with task -1picking up 239
finished task 239
done with task -1picking up 240
finished task 240
done with task -1picking up 241
finished task 241
done with task -1picking up 242
finished task 242
done with task -1picking up 243
finished task 243
done with task -1picking up 244
finished task 244
done with task -1picking up 245
finished task 245
done with task -1picking up 246
finished task 246
done with task -1picking up 247
finished task 247
done with task -1picking up 248
finished task 185
done with task -1picking up 249
finished task 248
done with task -1picking up 250
finished task 250
done with task -1picking up 251
finished task 251
done with task -1picking up 252
finis